<?xml version="1.0" encoding="UTF-8"?>
<testsuite name="com.example.demo.DemoApplicationTests" tests="1" skipped="0" failures="0" errors="0" timestamp="2017-09-16T19:47:11" hostname="ARAR016997" time="0.127">
  <properties/>
  <testcase name="contextLoads" classname="com.example.demo.DemoApplicationTests" time="0.127"/>
  <system-out><![CDATA[16:47:07.223 [Test worker] DEBUG org.springframework.test.context.junit4.SpringJUnit4ClassRunner - SpringJUnit4ClassRunner constructor called with [class com.example.demo.DemoApplicationTests]
16:47:07.237 [Test worker] DEBUG org.springframework.test.context.BootstrapUtils - Instantiating CacheAwareContextLoaderDelegate from class [org.springframework.test.context.cache.DefaultCacheAwareContextLoaderDelegate]
16:47:07.254 [Test worker] DEBUG org.springframework.test.context.BootstrapUtils - Instantiating BootstrapContext using constructor [public org.springframework.test.context.support.DefaultBootstrapContext(java.lang.Class,org.springframework.test.context.CacheAwareContextLoaderDelegate)]
16:47:07.293 [Test worker] DEBUG org.springframework.test.context.BootstrapUtils - Instantiating TestContextBootstrapper for test class [com.example.demo.DemoApplicationTests] from class [org.springframework.boot.test.context.SpringBootTestContextBootstrapper]
16:47:07.322 [Test worker] INFO org.springframework.boot.test.context.SpringBootTestContextBootstrapper - Neither @ContextConfiguration nor @ContextHierarchy found for test class [com.example.demo.DemoApplicationTests], using SpringBootContextLoader
16:47:07.334 [Test worker] DEBUG org.springframework.test.context.support.AbstractContextLoader - Did not detect default resource location for test class [com.example.demo.DemoApplicationTests]: class path resource [com/example/demo/DemoApplicationTests-context.xml] does not exist
16:47:07.336 [Test worker] DEBUG org.springframework.test.context.support.AbstractContextLoader - Did not detect default resource location for test class [com.example.demo.DemoApplicationTests]: class path resource [com/example/demo/DemoApplicationTestsContext.groovy] does not exist
16:47:07.336 [Test worker] INFO org.springframework.test.context.support.AbstractContextLoader - Could not detect default resource locations for test class [com.example.demo.DemoApplicationTests]: no resource found for suffixes {-context.xml, Context.groovy}.
16:47:07.338 [Test worker] INFO org.springframework.test.context.support.AnnotationConfigContextLoaderUtils - Could not detect default configuration classes for test class [com.example.demo.DemoApplicationTests]: DemoApplicationTests does not declare any static, non-private, non-final, nested classes annotated with @Configuration.
16:47:07.442 [Test worker] DEBUG org.springframework.test.context.support.ActiveProfilesUtils - Could not find an 'annotation declaring class' for annotation type [org.springframework.test.context.ActiveProfiles] and class [com.example.demo.DemoApplicationTests]
16:47:07.455 [Test worker] DEBUG org.springframework.core.env.StandardEnvironment - Adding PropertySource 'systemProperties' with lowest search precedence
16:47:07.457 [Test worker] DEBUG org.springframework.core.env.StandardEnvironment - Adding PropertySource 'systemEnvironment' with lowest search precedence
16:47:07.459 [Test worker] DEBUG org.springframework.core.env.StandardEnvironment - Initialized StandardEnvironment with PropertySources [MapPropertySource@1063193917 {name='systemProperties', properties={java.runtime.name=Java(TM) SE Runtime Environment, sun.boot.library.path=/Library/Java/JavaVirtualMachines/jdk1.8.0_111.jdk/Contents/Home/jre/lib, java.vm.version=25.111-b14, gopherProxySet=false, java.vm.vendor=Oracle Corporation, java.vendor.url=http://java.oracle.com/, path.separator=:, java.vm.name=Java HotSpot(TM) 64-Bit Server VM, file.encoding.pkg=sun.io, sun.java.launcher=SUN_STANDARD, user.country=US, sun.os.patch.level=unknown, java.vm.specification.name=Java Virtual Machine Specification, user.dir=/Users/epalumbo/workspaces/calipsoide/feature-valves, java.runtime.version=1.8.0_111-b14, java.awt.graphicsenv=sun.awt.CGraphicsEnvironment, java.endorsed.dirs=/Library/Java/JavaVirtualMachines/jdk1.8.0_111.jdk/Contents/Home/jre/lib/endorsed, os.arch=x86_64, java.io.tmpdir=/var/folders/zl/cbp6ks913vg4prjbp_lh_cv9ydjfrt/T/, line.separator=
, java.vm.specification.vendor=Oracle Corporation, user.variant=, os.name=Mac OS X, sun.jnu.encoding=UTF-8, java.library.path=/Users/epalumbo/Library/Java/Extensions:/Library/Java/Extensions:/Network/Library/Java/Extensions:/System/Library/Java/Extensions:/usr/lib/java:., java.specification.name=Java Platform API Specification, java.class.version=52.0, org.gradle.native=false, sun.management.compiler=HotSpot 64-Bit Tiered Compilers, os.version=10.12.4, http.nonProxyHosts=local|*.local|169.254/16|*.169.254/16, user.home=/Users/epalumbo, user.timezone=America/Argentina/Buenos_Aires, java.awt.printerjob=sun.lwawt.macosx.CPrinterJob, file.encoding=UTF-8, java.specification.version=1.8, java.class.path=/Users/epalumbo/workspaces/calipsoide/feature-valves/build/classes/java/test:/Users/epalumbo/workspaces/calipsoide/feature-valves/build/resources/test:/Users/epalumbo/workspaces/calipsoide/feature-valves/build/classes/java/main:/Users/epalumbo/workspaces/calipsoide/feature-valves/build/resources/main:/Users/epalumbo/.gradle/caches/modules-2/files-2.1/org.springframework.boot/spring-boot-starter-webflux/2.0.0.M4/6286e50abad3cf8970721f9f9f4da224ad9bebc6/spring-boot-starter-webflux-2.0.0.M4.jar:/Users/epalumbo/.gradle/caches/modules-2/files-2.1/org.springframework.boot/spring-boot-starter-test/2.0.0.M4/345ab82eb3054fe7baf7226dfa1b14a2d8816329/spring-boot-starter-test-2.0.0.M4.jar:/Users/epalumbo/.gradle/caches/modules-2/files-2.1/io.projectreactor/reactor-test/3.1.0.RC1/ba46303022dfb279f73b0ff80b27c5aabe25de0b/reactor-test-3.1.0.RC1.jar:/Users/epalumbo/.gradle/caches/modules-2/files-2.1/org.springframework.boot/spring-boot-starter-json/2.0.0.M4/a013d61ffdba5cac7159a98df179638fcdb792cb/spring-boot-starter-json-2.0.0.M4.jar:/Users/epalumbo/.gradle/caches/modules-2/files-2.1/org.springframework.boot/spring-boot-starter/2.0.0.M4/db46948efde9adbe5ec9114e6f3e861eb88f6536/spring-boot-starter-2.0.0.M4.jar:/Users/epalumbo/.gradle/caches/modules-2/files-2.1/org.springframework.boot/spring-boot-starter-reactor-netty/2.0.0.M4/86c78b3d85a49eedf63acb6984f410a7b648979c/spring-boot-starter-reactor-netty-2.0.0.M4.jar:/Users/epalumbo/.gradle/caches/modules-2/files-2.1/org.hibernate/hibernate-validator/5.4.1.Final/fc71e53520e1030d278f682b796c88265b94c699/hibernate-validator-5.4.1.Final.jar:/Users/epalumbo/.gradle/caches/modules-2/files-2.1/org.springframework/spring-webflux/5.0.0.RC4/a5dc40a52fb0ec10a71359e26400010082e166b2/spring-webflux-5.0.0.RC4.jar:/Users/epalumbo/.gradle/caches/modules-2/files-2.1/org.springframework/spring-web/5.0.0.RC4/cf27c3bc21695051660cc1c318d00ee28b44200/spring-web-5.0.0.RC4.jar:/Users/epalumbo/.gradle/caches/modules-2/files-2.1/org.synchronoss.cloud/nio-multipart-parser/1.1.0/c6c417fec6612584b1c34d4dd98c5a4e47e8c754/nio-multipart-parser-1.1.0.jar:/Users/epalumbo/.gradle/caches/modules-2/files-2.1/org.springframework.boot/spring-boot-test-autoconfigure/2.0.0.M4/bec16c238df0a767769746cc14b80bffd44776fa/spring-boot-test-autoconfigure-2.0.0.M4.jar:/Users/epalumbo/.gradle/caches/modules-2/files-2.1/org.springframework.boot/spring-boot-test/2.0.0.M4/33e5a8069d6d88b927747c06f054a9406dd56b5c/spring-boot-test-2.0.0.M4.jar:/Users/epalumbo/.gradle/caches/modules-2/files-2.1/com.jayway.jsonpath/json-path/2.4.0/765a4401ceb2dc8d40553c2075eb80a8fa35c2ae/json-path-2.4.0.jar:/Users/epalumbo/.gradle/caches/modules-2/files-2.1/junit/junit/4.12/2973d150c0dc1fefe998f834810d68f278ea58ec/junit-4.12.jar:/Users/epalumbo/.gradle/caches/modules-2/files-2.1/org.assertj/assertj-core/3.8.0/b209d90ff2e279bee3e02547ee7b11349c52d0e3/assertj-core-3.8.0.jar:/Users/epalumbo/.gradle/caches/modules-2/files-2.1/org.mockito/mockito-core/2.9.0/f28b9606eca8da77e10df30a7e301f589733143e/mockito-core-2.9.0.jar:/Users/epalumbo/.gradle/caches/modules-2/files-2.1/org.hamcrest/hamcrest-library/1.3/4785a3c21320980282f9f33d0d1264a69040538f/hamcrest-library-1.3.jar:/Users/epalumbo/.gradle/caches/modules-2/files-2.1/org.hamcrest/hamcrest-core/1.3/42a25dc3219429f0e5d060061f71acb49bf010a0/hamcrest-core-1.3.jar:/Users/epalumbo/.gradle/caches/modules-2/files-2.1/org.skyscreamer/jsonassert/1.5.0/6c9d5fe2f59da598d9aefc1cfc6528ff3cf32df3/jsonassert-1.5.0.jar:/Users/epalumbo/.gradle/caches/modules-2/files-2.1/org.springframework/spring-test/5.0.0.RC4/c4b3806408c392ae782896f13249518565fb8814/spring-test-5.0.0.RC4.jar:/Users/epalumbo/.gradle/caches/modules-2/files-2.1/org.springframework.boot/spring-boot-autoconfigure/2.0.0.M4/8c28e5399cb6189a41ebbaea9fdc2de965fe443d/spring-boot-autoconfigure-2.0.0.M4.jar:/Users/epalumbo/.gradle/caches/modules-2/files-2.1/org.springframework.boot/spring-boot/2.0.0.M4/56c04c9f6a00dbbc3168b7878281054f89710ca8/spring-boot-2.0.0.M4.jar:/Users/epalumbo/.gradle/caches/modules-2/files-2.1/org.springframework/spring-context/5.0.0.RC4/cddda6e9ec8832b4bfbbf1896dd66c2dce1411e9/spring-context-5.0.0.RC4.jar:/Users/epalumbo/.gradle/caches/modules-2/files-2.1/org.springframework/spring-aop/5.0.0.RC4/d99ef31ffe80090a571bcb9d1e3c5afe3277cc47/spring-aop-5.0.0.RC4.jar:/Users/epalumbo/.gradle/caches/modules-2/files-2.1/org.springframework/spring-beans/5.0.0.RC4/79402ff116f0606a00759c5ca15d160bf585e9b3/spring-beans-5.0.0.RC4.jar:/Users/epalumbo/.gradle/caches/modules-2/files-2.1/org.springframework/spring-expression/5.0.0.RC4/3ca598b777aaac8d85885d45bd48ec505139b2b3/spring-expression-5.0.0.RC4.jar:/Users/epalumbo/.gradle/caches/modules-2/files-2.1/org.springframework/spring-core/5.0.0.RC4/b3eb9c84526ee5dccf59cc2fd14be4ac5d954f4e/spring-core-5.0.0.RC4.jar:/Users/epalumbo/.gradle/caches/modules-2/files-2.1/io.projectreactor.ipc/reactor-netty/0.7.0.M2/6c116e194be880f4a071bffd9973f4487744ee22/reactor-netty-0.7.0.M2.jar:/Users/epalumbo/.gradle/caches/modules-2/files-2.1/io.projectreactor/reactor-core/3.1.0.RC1/eb324e35ac28782b30a52536748195ba8f91c543/reactor-core-3.1.0.RC1.jar:/Users/epalumbo/.gradle/caches/modules-2/files-2.1/org.springframework.boot/spring-boot-starter-logging/2.0.0.M4/df32b4ae1d8281df491014260e4337a5a00e5d5e/spring-boot-starter-logging-2.0.0.M4.jar:/Users/epalumbo/.gradle/caches/modules-2/files-2.1/javax.annotation/javax.annotation-api/1.3/67747496d8b5c1f300ed3cde4ba69d6f453ba984/javax.annotation-api-1.3.jar:/Users/epalumbo/.gradle/caches/modules-2/files-2.1/org.yaml/snakeyaml/1.18/e4a441249ade301985cb8d009d4e4a72b85bf68e/snakeyaml-1.18.jar:/Users/epalumbo/.gradle/caches/modules-2/files-2.1/com.fasterxml.jackson.datatype/jackson-datatype-jdk8/2.9.1/dc5c9b4349c1c18388aa1ec5a9264e6893b732a8/jackson-datatype-jdk8-2.9.1.jar:/Users/epalumbo/.gradle/caches/modules-2/files-2.1/com.fasterxml.jackson.datatype/jackson-datatype-jsr310/2.9.1/dbac0f60c8ea8c6e6cc6a761c0d8f300296fcf3d/jackson-datatype-jsr310-2.9.1.jar:/Users/epalumbo/.gradle/caches/modules-2/files-2.1/com.fasterxml.jackson.module/jackson-module-parameter-names/2.9.1/df51ae82d0878f62f7bdcbd47d423e3cde04b3ef/jackson-module-parameter-names-2.9.1.jar:/Users/epalumbo/.gradle/caches/modules-2/files-2.1/com.fasterxml.jackson.module/jackson-module-kotlin/2.9.1/cf37d75de23b87a664ea0b497b04fc601a783f2a/jackson-module-kotlin-2.9.1.jar:/Users/epalumbo/.gradle/caches/modules-2/files-2.1/com.fasterxml.jackson.core/jackson-databind/2.9.1/716da1830a2043f18882fc036ec26eb32cbe5aff/jackson-databind-2.9.1.jar:/Users/epalumbo/.gradle/caches/modules-2/files-2.1/javax.validation/validation-api/1.1.0.Final/8613ae82954779d518631e05daa73a6a954817d5/validation-api-1.1.0.Final.jar:/Users/epalumbo/.gradle/caches/modules-2/files-2.1/org.jboss.logging/jboss-logging/3.3.1.Final/c46217ab74b532568c0ed31dc599db3048bd1b67/jboss-logging-3.3.1.Final.jar:/Users/epalumbo/.gradle/caches/modules-2/files-2.1/com.fasterxml/classmate/1.3.4/3d5f48f10bbe4eb7bd862f10c0583be2e0053c6/classmate-1.3.4.jar:/Users/epalumbo/.gradle/caches/modules-2/files-2.1/org.synchronoss.cloud/nio-stream-storage/1.1.3/986dba5f6e5eed20f0dba6ddc8e8a64a9ebdc2f3/nio-stream-storage-1.1.3.jar:/Users/epalumbo/.gradle/caches/modules-2/files-2.1/ch.qos.logback/logback-classic/1.2.3/7c4f3c474fb2c041d8028740440937705ebb473a/logback-classic-1.2.3.jar:/Users/epalumbo/.gradle/caches/modules-2/files-2.1/org.slf4j/jul-to-slf4j/1.7.25/af5364cd6679bfffb114f0dec8a157aaa283b76/jul-to-slf4j-1.7.25.jar:/Users/epalumbo/.gradle/caches/modules-2/files-2.1/org.slf4j/log4j-over-slf4j/1.7.25/a87bb47468f47ee7aabbd54f93e133d4215769c3/log4j-over-slf4j-1.7.25.jar:/Users/epalumbo/.gradle/caches/modules-2/files-2.1/org.slf4j/slf4j-api/1.7.25/da76ca59f6a57ee3102f8f9bd9cee742973efa8a/slf4j-api-1.7.25.jar:/Users/epalumbo/.gradle/caches/modules-2/files-2.1/net.minidev/json-smart/2.3/7396407491352ce4fa30de92efb158adb76b5b/json-smart-2.3.jar:/Users/epalumbo/.gradle/caches/modules-2/files-2.1/net.bytebuddy/byte-buddy/1.7.5/baf12b76298eed6a244d9a4de6b5c3baa27ffa0e/byte-buddy-1.7.5.jar:/Users/epalumbo/.gradle/caches/modules-2/files-2.1/net.bytebuddy/byte-buddy-agent/1.7.5/a1b09c42c7d94a3e6e18da0155fcb4067327f199/byte-buddy-agent-1.7.5.jar:/Users/epalumbo/.gradle/caches/modules-2/files-2.1/org.objenesis/objenesis/2.6/639033469776fd37c08358c6b92a4761feb2af4b/objenesis-2.6.jar:/Users/epalumbo/.gradle/caches/modules-2/files-2.1/com.vaadin.external.google/android-json/0.0.20131108.vaadin1/fa26d351fe62a6a17f5cda1287c1c6110dec413f/android-json-0.0.20131108.vaadin1.jar:/Users/epalumbo/.gradle/caches/modules-2/files-2.1/org.springframework/spring-jcl/5.0.0.RC4/4bfa3091e3d3860badd2f9ef1ec14dfa0e1607dc/spring-jcl-5.0.0.RC4.jar:/Users/epalumbo/.gradle/caches/modules-2/files-2.1/org.reactivestreams/reactive-streams/1.0.1/1b1c911686eb40179219466e6a59b634b9d7a748/reactive-streams-1.0.1.jar:/Users/epalumbo/.gradle/caches/modules-2/files-2.1/com.fasterxml.jackson.core/jackson-annotations/2.9.0/7c10d545325e3a6e72e06381afe469fd40eb701/jackson-annotations-2.9.0.jar:/Users/epalumbo/.gradle/caches/modules-2/files-2.1/com.fasterxml.jackson.core/jackson-core/2.9.1/60077fe98b11e4e7cf8af9b20609326a166d6ac4/jackson-core-2.9.1.jar:/Users/epalumbo/.gradle/caches/modules-2/files-2.1/io.netty/netty-handler-proxy/4.1.15.Final/540b802ce449b6dc03d27d1b726217a76b02b4ee/netty-handler-proxy-4.1.15.Final.jar:/Users/epalumbo/.gradle/caches/modules-2/files-2.1/io.netty/netty-codec-http/4.1.15.Final/c06dbf0f4119fdbb3db6ff880b38e835766455b2/netty-codec-http-4.1.15.Final.jar:/Users/epalumbo/.gradle/caches/modules-2/files-2.1/io.netty/netty-handler/4.1.15.Final/43cec9cfc1e80ea281bc1cb060958b1bb543d60c/netty-handler-4.1.15.Final.jar:/Users/epalumbo/.gradle/caches/modules-2/files-2.1/io.netty/netty-transport-native-epoll/4.1.15.Final/e1eaf097cbe24fd1583a64d8cdc1a4202beda83d/netty-transport-native-epoll-4.1.15.Final.jar:/Users/epalumbo/.gradle/caches/modules-2/files-2.1/net.minidev/accessors-smart/1.2/c592b500269bfde36096641b01238a8350f8aa31/accessors-smart-1.2.jar:/Users/epalumbo/.gradle/caches/modules-2/files-2.1/ch.qos.logback/logback-core/1.2.3/864344400c3d4d92dfeb0a305dc87d953677c03c/logback-core-1.2.3.jar:/Users/epalumbo/.gradle/caches/modules-2/files-2.1/io.netty/netty-codec-socks/4.1.15.Final/dfb9755e77dc669eb17fef2e4a3491ddd35ed287/netty-codec-socks-4.1.15.Final.jar:/Users/epalumbo/.gradle/caches/modules-2/files-2.1/io.netty/netty-codec/4.1.15.Final/15cef796196b4027911d5de8a3f0d333842896d1/netty-codec-4.1.15.Final.jar:/Users/epalumbo/.gradle/caches/modules-2/files-2.1/io.netty/netty-transport-native-unix-common/4.1.15.Final/cfcdbc196a6f3b5ba94e87c74321bf084e86a673/netty-transport-native-unix-common-4.1.15.Final.jar:/Users/epalumbo/.gradle/caches/modules-2/files-2.1/io.netty/netty-transport/4.1.15.Final/46e3f244f26422b3cfb5ffc5c2d9984b7725ed89/netty-transport-4.1.15.Final.jar:/Users/epalumbo/.gradle/caches/modules-2/files-2.1/io.netty/netty-buffer/4.1.15.Final/f7edf6488292b4de584ce16acc64f611d76fe4e7/netty-buffer-4.1.15.Final.jar:/Users/epalumbo/.gradle/caches/modules-2/files-2.1/io.netty/netty-resolver/4.1.15.Final/89565523e45aa99af2aa263900a75eb8836b3a47/netty-resolver-4.1.15.Final.jar:/Users/epalumbo/.gradle/caches/modules-2/files-2.1/io.netty/netty-common/4.1.15.Final/d6144d4a6e0395ad762d41409ed663cc7b227e83/netty-common-4.1.15.Final.jar:/Users/epalumbo/.gradle/caches/modules-2/files-2.1/org.ow2.asm/asm/5.0.4/da08b8cce7bbf903602a25a3a163ae252435795/asm-5.0.4.jar, user.name=epalumbo, java.vm.specification.version=1.8, sun.java.command=worker.org.gradle.process.internal.worker.GradleWorkerMain 'Gradle Test Executor 1', java.home=/Library/Java/JavaVirtualMachines/jdk1.8.0_111.jdk/Contents/Home/jre, sun.arch.data.model=64, user.language=en, java.specification.vendor=Oracle Corporation, awt.toolkit=sun.lwawt.macosx.LWCToolkit, java.vm.info=mixed mode, java.version=1.8.0_111, java.ext.dirs=/Users/epalumbo/Library/Java/Extensions:/Library/Java/JavaVirtualMachines/jdk1.8.0_111.jdk/Contents/Home/jre/lib/ext:/Library/Java/Extensions:/Network/Library/Java/Extensions:/System/Library/Java/Extensions:/usr/lib/java, sun.boot.class.path=/Library/Java/JavaVirtualMachines/jdk1.8.0_111.jdk/Contents/Home/jre/lib/resources.jar:/Library/Java/JavaVirtualMachines/jdk1.8.0_111.jdk/Contents/Home/jre/lib/rt.jar:/Library/Java/JavaVirtualMachines/jdk1.8.0_111.jdk/Contents/Home/jre/lib/sunrsasign.jar:/Library/Java/JavaVirtualMachines/jdk1.8.0_111.jdk/Contents/Home/jre/lib/jsse.jar:/Library/Java/JavaVirtualMachines/jdk1.8.0_111.jdk/Contents/Home/jre/lib/jce.jar:/Library/Java/JavaVirtualMachines/jdk1.8.0_111.jdk/Contents/Home/jre/lib/charsets.jar:/Library/Java/JavaVirtualMachines/jdk1.8.0_111.jdk/Contents/Home/jre/lib/jfr.jar:/Library/Java/JavaVirtualMachines/jdk1.8.0_111.jdk/Contents/Home/jre/classes, java.vendor=Oracle Corporation, org.gradle.test.worker=1, file.separator=/, java.vendor.url.bug=http://bugreport.sun.com/bugreport/, sun.io.unicode.encoding=UnicodeBig, sun.cpu.endian=little, socksNonProxyHosts=local|*.local|169.254/16|*.169.254/16, ftp.nonProxyHosts=local|*.local|169.254/16|*.169.254/16, sun.cpu.isalist=}}, SystemEnvironmentPropertySource@36516287 {name='systemEnvironment', properties={PATH=/Users/epalumbo/.sdkman/candidates/vertx/current/bin:/Users/epalumbo/.sdkman/candidates/grails/current/bin:/Users/epalumbo/.nvm/v0.10.46/bin:/Users/epalumbo/tools/maven/bin:/usr/local/bin:/usr/bin:/bin:/usr/sbin:/sbin, SDKMAN_VERSION=5.5.9+231, MANPATH=/Users/epalumbo/.nvm/v0.10.46/share/man:/usr/local/share/man:/usr/share/man:/Library/Developer/CommandLineTools/usr/share/man, GRAILS_HOME=/Users/epalumbo/.sdkman/candidates/grails/current, VERTX_HOME=/Users/epalumbo/.sdkman/candidates/vertx/current, JAVA_HOME=/Library/Java/JavaVirtualMachines/jdk1.8.0_111.jdk/Contents/Home, TERM=xterm-256color, JAVA_MAIN_CLASS_33609=worker.org.gradle.process.internal.worker.GradleWorkerMain, SDKMAN_DIR=/Users/epalumbo/.sdkman, LOGNAME=epalumbo, NVM_NODEJS_ORG_MIRROR=https://nodejs.org/dist, XPC_SERVICE_NAME=0, PWD=/Users/epalumbo/workspaces/calipsoide/feature-valves, TERM_PROGRAM_VERSION=388.1, JAVA_MAIN_CLASS_32299=org.gradle.wrapper.GradleWrapperMain, SDKMAN_CANDIDATES_DIR=/Users/epalumbo/.sdkman/candidates, SDKMAN_LEGACY_API=https://api.sdkman.io/1, NVM_CD_FLAGS=, NVM_DIR=/Users/epalumbo/.nvm, SHELL=/bin/bash, TERM_PROGRAM=Apple_Terminal, NVM_PATH=/Users/epalumbo/.nvm/v0.10.46/lib/node, SECURITYSESSIONID=186a6, SDKMAN_PLATFORM=Darwin, OLDPWD=/Users/epalumbo/workspaces/calipsoide/feature-valves, USER=epalumbo, APP_ICON_32299=/Users/epalumbo/workspaces/calipsoide/feature-valves/media/gradle.icns, TMPDIR=/var/folders/zl/cbp6ks913vg4prjbp_lh_cv9ydjfrt/T/, SSH_AUTH_SOCK=/private/tmp/com.apple.launchd.6hBszMIbya/Listeners, APP_NAME_32299=Gradle, XPC_FLAGS=0x0, TERM_SESSION_ID=20635A7A-D47B-4FC3-A625-44D7B5E43959, NVM_IOJS_ORG_MIRROR=https://iojs.org/dist, __CF_USER_TEXT_ENCODING=0x7CD8BB1A:0x0:0x0, Apple_PubSub_Socket_Render=/private/tmp/com.apple.launchd.2hM6XanhwD/Render, LC_CTYPE=UTF-8, NVM_BIN=/Users/epalumbo/.nvm/v0.10.46/bin, SHLVL=2, HOME=/Users/epalumbo, SDKMAN_CURRENT_API=https://api.sdkman.io/2}}]
16:47:07.489 [Test worker] DEBUG org.springframework.core.io.support.PathMatchingResourcePatternResolver - Resolved classpath location [com/example/demo/] to resources [URL [file:/Users/epalumbo/workspaces/calipsoide/feature-valves/build/classes/java/test/com/example/demo/], URL [file:/Users/epalumbo/workspaces/calipsoide/feature-valves/build/classes/java/main/com/example/demo/]]
16:47:07.490 [Test worker] DEBUG org.springframework.core.io.support.PathMatchingResourcePatternResolver - Looking for matching resources in directory tree [/Users/epalumbo/workspaces/calipsoide/feature-valves/build/classes/java/test/com/example/demo]
16:47:07.493 [Test worker] DEBUG org.springframework.core.io.support.PathMatchingResourcePatternResolver - Searching directory [/Users/epalumbo/workspaces/calipsoide/feature-valves/build/classes/java/test/com/example/demo] for files matching pattern [/Users/epalumbo/workspaces/calipsoide/feature-valves/build/classes/java/test/com/example/demo/*.class]
16:47:07.506 [Test worker] DEBUG org.springframework.core.io.support.PathMatchingResourcePatternResolver - Looking for matching resources in directory tree [/Users/epalumbo/workspaces/calipsoide/feature-valves/build/classes/java/main/com/example/demo]
16:47:07.506 [Test worker] DEBUG org.springframework.core.io.support.PathMatchingResourcePatternResolver - Searching directory [/Users/epalumbo/workspaces/calipsoide/feature-valves/build/classes/java/main/com/example/demo] for files matching pattern [/Users/epalumbo/workspaces/calipsoide/feature-valves/build/classes/java/main/com/example/demo/*.class]
16:47:07.508 [Test worker] DEBUG org.springframework.core.io.support.PathMatchingResourcePatternResolver - Resolved location pattern [classpath*:com/example/demo/*.class] to resources [file [/Users/epalumbo/workspaces/calipsoide/feature-valves/build/classes/java/test/com/example/demo/DemoApplicationTests.class], file [/Users/epalumbo/workspaces/calipsoide/feature-valves/build/classes/java/main/com/example/demo/DemoApplication.class]]
16:47:07.615 [Test worker] DEBUG org.springframework.context.annotation.ClassPathScanningCandidateComponentProvider - Identified candidate component class: file [/Users/epalumbo/workspaces/calipsoide/feature-valves/build/classes/java/main/com/example/demo/DemoApplication.class]
16:47:07.617 [Test worker] INFO org.springframework.boot.test.context.SpringBootTestContextBootstrapper - Found @SpringBootConfiguration com.example.demo.DemoApplication for test class com.example.demo.DemoApplicationTests
16:47:07.839 [Test worker] DEBUG org.springframework.boot.test.context.SpringBootTestContextBootstrapper - @TestExecutionListeners is not present for class [com.example.demo.DemoApplicationTests]: using defaults.
16:47:07.841 [Test worker] INFO org.springframework.boot.test.context.SpringBootTestContextBootstrapper - Loaded default TestExecutionListener class names from location [META-INF/spring.factories]: [org.springframework.boot.test.autoconfigure.restdocs.RestDocsTestExecutionListener, org.springframework.boot.test.autoconfigure.web.client.MockRestServiceServerResetTestExecutionListener, org.springframework.boot.test.autoconfigure.web.servlet.MockMvcPrintOnlyOnFailureTestExecutionListener, org.springframework.boot.test.autoconfigure.web.servlet.WebDriverTestExecutionListener, org.springframework.boot.test.mock.mockito.MockitoTestExecutionListener, org.springframework.boot.test.mock.mockito.ResetMocksTestExecutionListener, org.springframework.test.context.web.ServletTestExecutionListener, org.springframework.test.context.support.DirtiesContextBeforeModesTestExecutionListener, org.springframework.test.context.support.DependencyInjectionTestExecutionListener, org.springframework.test.context.support.DirtiesContextTestExecutionListener, org.springframework.test.context.transaction.TransactionalTestExecutionListener, org.springframework.test.context.jdbc.SqlScriptsTestExecutionListener]
16:47:07.855 [Test worker] INFO org.springframework.boot.test.context.SpringBootTestContextBootstrapper - Could not instantiate TestExecutionListener [org.springframework.test.context.web.ServletTestExecutionListener]. Specify custom listener classes or make the default listener classes (and their required dependencies) available. Offending class: [javax/servlet/ServletContext]
16:47:07.856 [Test worker] INFO org.springframework.boot.test.context.SpringBootTestContextBootstrapper - Could not instantiate TestExecutionListener [org.springframework.test.context.transaction.TransactionalTestExecutionListener]. Specify custom listener classes or make the default listener classes (and their required dependencies) available. Offending class: [org/springframework/transaction/interceptor/TransactionAttributeSource]
16:47:07.995 [Test worker] INFO org.springframework.boot.test.context.SpringBootTestContextBootstrapper - Could not instantiate TestExecutionListener [org.springframework.test.context.jdbc.SqlScriptsTestExecutionListener]. Specify custom listener classes or make the default listener classes (and their required dependencies) available. Offending class: [org/springframework/transaction/interceptor/TransactionAttribute]
16:47:07.996 [Test worker] INFO org.springframework.boot.test.context.SpringBootTestContextBootstrapper - Using TestExecutionListeners: [org.springframework.test.context.support.DirtiesContextBeforeModesTestExecutionListener@536a55f2, org.springframework.boot.test.autoconfigure.SpringBootDependencyInjectionTestExecutionListener@3a89bd64, org.springframework.test.context.support.DirtiesContextTestExecutionListener@4ccd9643, org.springframework.boot.test.autoconfigure.web.client.MockRestServiceServerResetTestExecutionListener@d003797, org.springframework.boot.test.mock.mockito.ResetMocksTestExecutionListener@cc42600, org.springframework.boot.test.autoconfigure.restdocs.RestDocsTestExecutionListener@7b51c861, org.springframework.boot.test.autoconfigure.web.servlet.MockMvcPrintOnlyOnFailureTestExecutionListener@5b0e36c6, org.springframework.boot.test.autoconfigure.web.servlet.WebDriverTestExecutionListener@573e0ebf, org.springframework.boot.test.mock.mockito.MockitoTestExecutionListener@7a67c67e]
16:47:08.002 [Test worker] DEBUG org.springframework.test.annotation.ProfileValueUtils - Retrieved @ProfileValueSourceConfiguration [null] for test class [com.example.demo.DemoApplicationTests]
16:47:08.003 [Test worker] DEBUG org.springframework.test.annotation.ProfileValueUtils - Retrieved ProfileValueSource type [class org.springframework.test.annotation.SystemProfileValueSource] for class [com.example.demo.DemoApplicationTests]
16:47:08.004 [Test worker] DEBUG org.springframework.test.annotation.ProfileValueUtils - Retrieved @ProfileValueSourceConfiguration [null] for test class [com.example.demo.DemoApplicationTests]
16:47:08.005 [Test worker] DEBUG org.springframework.test.annotation.ProfileValueUtils - Retrieved ProfileValueSource type [class org.springframework.test.annotation.SystemProfileValueSource] for class [com.example.demo.DemoApplicationTests]
16:47:08.014 [Test worker] DEBUG org.springframework.test.context.support.AbstractDirtiesContextTestExecutionListener - Before test class: context [DefaultTestContext@2b8b4ae4 testClass = DemoApplicationTests, testInstance = [null], testMethod = [null], testException = [null], mergedContextConfiguration = [ReactiveWebMergedContextConfiguration@24ffe07c testClass = DemoApplicationTests, locations = '{}', classes = '{class com.example.demo.DemoApplication}', contextInitializerClasses = '[]', activeProfiles = '{}', propertySourceLocations = '{}', propertySourceProperties = '{org.springframework.boot.test.context.SpringBootTestContextBootstrapper=true}', contextCustomizers = set[org.springframework.boot.test.autoconfigure.properties.PropertyMappingContextCustomizer@0, org.springframework.boot.test.autoconfigure.web.servlet.WebDriverContextCustomizerFactory$Customizer@53f1803, org.springframework.boot.test.context.SpringBootTestContextCustomizer@6bd1ce7, org.springframework.boot.test.context.filter.ExcludeFilterContextCustomizer@6eff53f1, org.springframework.boot.test.json.DuplicateJsonObjectContextCustomizerFactory$DuplicateJsonObjectContextCustomizer@3b478baa, org.springframework.boot.test.mock.mockito.MockitoContextCustomizer@0, org.springframework.boot.test.web.reactive.WebTestClientContextCustomizer@24e620da], contextLoader = 'org.springframework.boot.test.context.SpringBootContextLoader', parent = [null]], attributes = map[[empty]]], class annotated with @DirtiesContext [false] with mode [null].
16:47:08.015 [Test worker] DEBUG org.springframework.test.annotation.ProfileValueUtils - Retrieved @ProfileValueSourceConfiguration [null] for test class [com.example.demo.DemoApplicationTests]
16:47:08.016 [Test worker] DEBUG org.springframework.test.annotation.ProfileValueUtils - Retrieved ProfileValueSource type [class org.springframework.test.annotation.SystemProfileValueSource] for class [com.example.demo.DemoApplicationTests]
16:47:08.018 [Test worker] DEBUG org.springframework.test.context.support.DependencyInjectionTestExecutionListener - Performing dependency injection for test context [[DefaultTestContext@2b8b4ae4 testClass = DemoApplicationTests, testInstance = com.example.demo.DemoApplicationTests@1e337420, testMethod = [null], testException = [null], mergedContextConfiguration = [ReactiveWebMergedContextConfiguration@24ffe07c testClass = DemoApplicationTests, locations = '{}', classes = '{class com.example.demo.DemoApplication}', contextInitializerClasses = '[]', activeProfiles = '{}', propertySourceLocations = '{}', propertySourceProperties = '{org.springframework.boot.test.context.SpringBootTestContextBootstrapper=true}', contextCustomizers = set[org.springframework.boot.test.autoconfigure.properties.PropertyMappingContextCustomizer@0, org.springframework.boot.test.autoconfigure.web.servlet.WebDriverContextCustomizerFactory$Customizer@53f1803, org.springframework.boot.test.context.SpringBootTestContextCustomizer@6bd1ce7, org.springframework.boot.test.context.filter.ExcludeFilterContextCustomizer@6eff53f1, org.springframework.boot.test.json.DuplicateJsonObjectContextCustomizerFactory$DuplicateJsonObjectContextCustomizer@3b478baa, org.springframework.boot.test.mock.mockito.MockitoContextCustomizer@0, org.springframework.boot.test.web.reactive.WebTestClientContextCustomizer@24e620da], contextLoader = 'org.springframework.boot.test.context.SpringBootContextLoader', parent = [null]], attributes = map[[empty]]]].
16:47:08.047 [Test worker] DEBUG org.springframework.core.env.StandardEnvironment - Adding PropertySource 'systemProperties' with lowest search precedence
16:47:08.048 [Test worker] DEBUG org.springframework.core.env.StandardEnvironment - Adding PropertySource 'systemEnvironment' with lowest search precedence
16:47:08.049 [Test worker] DEBUG org.springframework.core.env.StandardEnvironment - Initialized StandardEnvironment with PropertySources [MapPropertySource@1177824904 {name='systemProperties', properties={java.runtime.name=Java(TM) SE Runtime Environment, sun.boot.library.path=/Library/Java/JavaVirtualMachines/jdk1.8.0_111.jdk/Contents/Home/jre/lib, java.vm.version=25.111-b14, gopherProxySet=false, java.vm.vendor=Oracle Corporation, java.vendor.url=http://java.oracle.com/, path.separator=:, java.vm.name=Java HotSpot(TM) 64-Bit Server VM, file.encoding.pkg=sun.io, sun.java.launcher=SUN_STANDARD, user.country=US, sun.os.patch.level=unknown, java.vm.specification.name=Java Virtual Machine Specification, user.dir=/Users/epalumbo/workspaces/calipsoide/feature-valves, java.runtime.version=1.8.0_111-b14, java.awt.graphicsenv=sun.awt.CGraphicsEnvironment, java.endorsed.dirs=/Library/Java/JavaVirtualMachines/jdk1.8.0_111.jdk/Contents/Home/jre/lib/endorsed, os.arch=x86_64, java.io.tmpdir=/var/folders/zl/cbp6ks913vg4prjbp_lh_cv9ydjfrt/T/, line.separator=
, java.vm.specification.vendor=Oracle Corporation, user.variant=, os.name=Mac OS X, sun.jnu.encoding=UTF-8, java.library.path=/Users/epalumbo/Library/Java/Extensions:/Library/Java/Extensions:/Network/Library/Java/Extensions:/System/Library/Java/Extensions:/usr/lib/java:., java.specification.name=Java Platform API Specification, java.class.version=52.0, org.gradle.native=false, sun.management.compiler=HotSpot 64-Bit Tiered Compilers, os.version=10.12.4, http.nonProxyHosts=local|*.local|169.254/16|*.169.254/16, user.home=/Users/epalumbo, user.timezone=America/Argentina/Buenos_Aires, java.awt.printerjob=sun.lwawt.macosx.CPrinterJob, file.encoding=UTF-8, java.specification.version=1.8, java.class.path=/Users/epalumbo/workspaces/calipsoide/feature-valves/build/classes/java/test:/Users/epalumbo/workspaces/calipsoide/feature-valves/build/resources/test:/Users/epalumbo/workspaces/calipsoide/feature-valves/build/classes/java/main:/Users/epalumbo/workspaces/calipsoide/feature-valves/build/resources/main:/Users/epalumbo/.gradle/caches/modules-2/files-2.1/org.springframework.boot/spring-boot-starter-webflux/2.0.0.M4/6286e50abad3cf8970721f9f9f4da224ad9bebc6/spring-boot-starter-webflux-2.0.0.M4.jar:/Users/epalumbo/.gradle/caches/modules-2/files-2.1/org.springframework.boot/spring-boot-starter-test/2.0.0.M4/345ab82eb3054fe7baf7226dfa1b14a2d8816329/spring-boot-starter-test-2.0.0.M4.jar:/Users/epalumbo/.gradle/caches/modules-2/files-2.1/io.projectreactor/reactor-test/3.1.0.RC1/ba46303022dfb279f73b0ff80b27c5aabe25de0b/reactor-test-3.1.0.RC1.jar:/Users/epalumbo/.gradle/caches/modules-2/files-2.1/org.springframework.boot/spring-boot-starter-json/2.0.0.M4/a013d61ffdba5cac7159a98df179638fcdb792cb/spring-boot-starter-json-2.0.0.M4.jar:/Users/epalumbo/.gradle/caches/modules-2/files-2.1/org.springframework.boot/spring-boot-starter/2.0.0.M4/db46948efde9adbe5ec9114e6f3e861eb88f6536/spring-boot-starter-2.0.0.M4.jar:/Users/epalumbo/.gradle/caches/modules-2/files-2.1/org.springframework.boot/spring-boot-starter-reactor-netty/2.0.0.M4/86c78b3d85a49eedf63acb6984f410a7b648979c/spring-boot-starter-reactor-netty-2.0.0.M4.jar:/Users/epalumbo/.gradle/caches/modules-2/files-2.1/org.hibernate/hibernate-validator/5.4.1.Final/fc71e53520e1030d278f682b796c88265b94c699/hibernate-validator-5.4.1.Final.jar:/Users/epalumbo/.gradle/caches/modules-2/files-2.1/org.springframework/spring-webflux/5.0.0.RC4/a5dc40a52fb0ec10a71359e26400010082e166b2/spring-webflux-5.0.0.RC4.jar:/Users/epalumbo/.gradle/caches/modules-2/files-2.1/org.springframework/spring-web/5.0.0.RC4/cf27c3bc21695051660cc1c318d00ee28b44200/spring-web-5.0.0.RC4.jar:/Users/epalumbo/.gradle/caches/modules-2/files-2.1/org.synchronoss.cloud/nio-multipart-parser/1.1.0/c6c417fec6612584b1c34d4dd98c5a4e47e8c754/nio-multipart-parser-1.1.0.jar:/Users/epalumbo/.gradle/caches/modules-2/files-2.1/org.springframework.boot/spring-boot-test-autoconfigure/2.0.0.M4/bec16c238df0a767769746cc14b80bffd44776fa/spring-boot-test-autoconfigure-2.0.0.M4.jar:/Users/epalumbo/.gradle/caches/modules-2/files-2.1/org.springframework.boot/spring-boot-test/2.0.0.M4/33e5a8069d6d88b927747c06f054a9406dd56b5c/spring-boot-test-2.0.0.M4.jar:/Users/epalumbo/.gradle/caches/modules-2/files-2.1/com.jayway.jsonpath/json-path/2.4.0/765a4401ceb2dc8d40553c2075eb80a8fa35c2ae/json-path-2.4.0.jar:/Users/epalumbo/.gradle/caches/modules-2/files-2.1/junit/junit/4.12/2973d150c0dc1fefe998f834810d68f278ea58ec/junit-4.12.jar:/Users/epalumbo/.gradle/caches/modules-2/files-2.1/org.assertj/assertj-core/3.8.0/b209d90ff2e279bee3e02547ee7b11349c52d0e3/assertj-core-3.8.0.jar:/Users/epalumbo/.gradle/caches/modules-2/files-2.1/org.mockito/mockito-core/2.9.0/f28b9606eca8da77e10df30a7e301f589733143e/mockito-core-2.9.0.jar:/Users/epalumbo/.gradle/caches/modules-2/files-2.1/org.hamcrest/hamcrest-library/1.3/4785a3c21320980282f9f33d0d1264a69040538f/hamcrest-library-1.3.jar:/Users/epalumbo/.gradle/caches/modules-2/files-2.1/org.hamcrest/hamcrest-core/1.3/42a25dc3219429f0e5d060061f71acb49bf010a0/hamcrest-core-1.3.jar:/Users/epalumbo/.gradle/caches/modules-2/files-2.1/org.skyscreamer/jsonassert/1.5.0/6c9d5fe2f59da598d9aefc1cfc6528ff3cf32df3/jsonassert-1.5.0.jar:/Users/epalumbo/.gradle/caches/modules-2/files-2.1/org.springframework/spring-test/5.0.0.RC4/c4b3806408c392ae782896f13249518565fb8814/spring-test-5.0.0.RC4.jar:/Users/epalumbo/.gradle/caches/modules-2/files-2.1/org.springframework.boot/spring-boot-autoconfigure/2.0.0.M4/8c28e5399cb6189a41ebbaea9fdc2de965fe443d/spring-boot-autoconfigure-2.0.0.M4.jar:/Users/epalumbo/.gradle/caches/modules-2/files-2.1/org.springframework.boot/spring-boot/2.0.0.M4/56c04c9f6a00dbbc3168b7878281054f89710ca8/spring-boot-2.0.0.M4.jar:/Users/epalumbo/.gradle/caches/modules-2/files-2.1/org.springframework/spring-context/5.0.0.RC4/cddda6e9ec8832b4bfbbf1896dd66c2dce1411e9/spring-context-5.0.0.RC4.jar:/Users/epalumbo/.gradle/caches/modules-2/files-2.1/org.springframework/spring-aop/5.0.0.RC4/d99ef31ffe80090a571bcb9d1e3c5afe3277cc47/spring-aop-5.0.0.RC4.jar:/Users/epalumbo/.gradle/caches/modules-2/files-2.1/org.springframework/spring-beans/5.0.0.RC4/79402ff116f0606a00759c5ca15d160bf585e9b3/spring-beans-5.0.0.RC4.jar:/Users/epalumbo/.gradle/caches/modules-2/files-2.1/org.springframework/spring-expression/5.0.0.RC4/3ca598b777aaac8d85885d45bd48ec505139b2b3/spring-expression-5.0.0.RC4.jar:/Users/epalumbo/.gradle/caches/modules-2/files-2.1/org.springframework/spring-core/5.0.0.RC4/b3eb9c84526ee5dccf59cc2fd14be4ac5d954f4e/spring-core-5.0.0.RC4.jar:/Users/epalumbo/.gradle/caches/modules-2/files-2.1/io.projectreactor.ipc/reactor-netty/0.7.0.M2/6c116e194be880f4a071bffd9973f4487744ee22/reactor-netty-0.7.0.M2.jar:/Users/epalumbo/.gradle/caches/modules-2/files-2.1/io.projectreactor/reactor-core/3.1.0.RC1/eb324e35ac28782b30a52536748195ba8f91c543/reactor-core-3.1.0.RC1.jar:/Users/epalumbo/.gradle/caches/modules-2/files-2.1/org.springframework.boot/spring-boot-starter-logging/2.0.0.M4/df32b4ae1d8281df491014260e4337a5a00e5d5e/spring-boot-starter-logging-2.0.0.M4.jar:/Users/epalumbo/.gradle/caches/modules-2/files-2.1/javax.annotation/javax.annotation-api/1.3/67747496d8b5c1f300ed3cde4ba69d6f453ba984/javax.annotation-api-1.3.jar:/Users/epalumbo/.gradle/caches/modules-2/files-2.1/org.yaml/snakeyaml/1.18/e4a441249ade301985cb8d009d4e4a72b85bf68e/snakeyaml-1.18.jar:/Users/epalumbo/.gradle/caches/modules-2/files-2.1/com.fasterxml.jackson.datatype/jackson-datatype-jdk8/2.9.1/dc5c9b4349c1c18388aa1ec5a9264e6893b732a8/jackson-datatype-jdk8-2.9.1.jar:/Users/epalumbo/.gradle/caches/modules-2/files-2.1/com.fasterxml.jackson.datatype/jackson-datatype-jsr310/2.9.1/dbac0f60c8ea8c6e6cc6a761c0d8f300296fcf3d/jackson-datatype-jsr310-2.9.1.jar:/Users/epalumbo/.gradle/caches/modules-2/files-2.1/com.fasterxml.jackson.module/jackson-module-parameter-names/2.9.1/df51ae82d0878f62f7bdcbd47d423e3cde04b3ef/jackson-module-parameter-names-2.9.1.jar:/Users/epalumbo/.gradle/caches/modules-2/files-2.1/com.fasterxml.jackson.module/jackson-module-kotlin/2.9.1/cf37d75de23b87a664ea0b497b04fc601a783f2a/jackson-module-kotlin-2.9.1.jar:/Users/epalumbo/.gradle/caches/modules-2/files-2.1/com.fasterxml.jackson.core/jackson-databind/2.9.1/716da1830a2043f18882fc036ec26eb32cbe5aff/jackson-databind-2.9.1.jar:/Users/epalumbo/.gradle/caches/modules-2/files-2.1/javax.validation/validation-api/1.1.0.Final/8613ae82954779d518631e05daa73a6a954817d5/validation-api-1.1.0.Final.jar:/Users/epalumbo/.gradle/caches/modules-2/files-2.1/org.jboss.logging/jboss-logging/3.3.1.Final/c46217ab74b532568c0ed31dc599db3048bd1b67/jboss-logging-3.3.1.Final.jar:/Users/epalumbo/.gradle/caches/modules-2/files-2.1/com.fasterxml/classmate/1.3.4/3d5f48f10bbe4eb7bd862f10c0583be2e0053c6/classmate-1.3.4.jar:/Users/epalumbo/.gradle/caches/modules-2/files-2.1/org.synchronoss.cloud/nio-stream-storage/1.1.3/986dba5f6e5eed20f0dba6ddc8e8a64a9ebdc2f3/nio-stream-storage-1.1.3.jar:/Users/epalumbo/.gradle/caches/modules-2/files-2.1/ch.qos.logback/logback-classic/1.2.3/7c4f3c474fb2c041d8028740440937705ebb473a/logback-classic-1.2.3.jar:/Users/epalumbo/.gradle/caches/modules-2/files-2.1/org.slf4j/jul-to-slf4j/1.7.25/af5364cd6679bfffb114f0dec8a157aaa283b76/jul-to-slf4j-1.7.25.jar:/Users/epalumbo/.gradle/caches/modules-2/files-2.1/org.slf4j/log4j-over-slf4j/1.7.25/a87bb47468f47ee7aabbd54f93e133d4215769c3/log4j-over-slf4j-1.7.25.jar:/Users/epalumbo/.gradle/caches/modules-2/files-2.1/org.slf4j/slf4j-api/1.7.25/da76ca59f6a57ee3102f8f9bd9cee742973efa8a/slf4j-api-1.7.25.jar:/Users/epalumbo/.gradle/caches/modules-2/files-2.1/net.minidev/json-smart/2.3/7396407491352ce4fa30de92efb158adb76b5b/json-smart-2.3.jar:/Users/epalumbo/.gradle/caches/modules-2/files-2.1/net.bytebuddy/byte-buddy/1.7.5/baf12b76298eed6a244d9a4de6b5c3baa27ffa0e/byte-buddy-1.7.5.jar:/Users/epalumbo/.gradle/caches/modules-2/files-2.1/net.bytebuddy/byte-buddy-agent/1.7.5/a1b09c42c7d94a3e6e18da0155fcb4067327f199/byte-buddy-agent-1.7.5.jar:/Users/epalumbo/.gradle/caches/modules-2/files-2.1/org.objenesis/objenesis/2.6/639033469776fd37c08358c6b92a4761feb2af4b/objenesis-2.6.jar:/Users/epalumbo/.gradle/caches/modules-2/files-2.1/com.vaadin.external.google/android-json/0.0.20131108.vaadin1/fa26d351fe62a6a17f5cda1287c1c6110dec413f/android-json-0.0.20131108.vaadin1.jar:/Users/epalumbo/.gradle/caches/modules-2/files-2.1/org.springframework/spring-jcl/5.0.0.RC4/4bfa3091e3d3860badd2f9ef1ec14dfa0e1607dc/spring-jcl-5.0.0.RC4.jar:/Users/epalumbo/.gradle/caches/modules-2/files-2.1/org.reactivestreams/reactive-streams/1.0.1/1b1c911686eb40179219466e6a59b634b9d7a748/reactive-streams-1.0.1.jar:/Users/epalumbo/.gradle/caches/modules-2/files-2.1/com.fasterxml.jackson.core/jackson-annotations/2.9.0/7c10d545325e3a6e72e06381afe469fd40eb701/jackson-annotations-2.9.0.jar:/Users/epalumbo/.gradle/caches/modules-2/files-2.1/com.fasterxml.jackson.core/jackson-core/2.9.1/60077fe98b11e4e7cf8af9b20609326a166d6ac4/jackson-core-2.9.1.jar:/Users/epalumbo/.gradle/caches/modules-2/files-2.1/io.netty/netty-handler-proxy/4.1.15.Final/540b802ce449b6dc03d27d1b726217a76b02b4ee/netty-handler-proxy-4.1.15.Final.jar:/Users/epalumbo/.gradle/caches/modules-2/files-2.1/io.netty/netty-codec-http/4.1.15.Final/c06dbf0f4119fdbb3db6ff880b38e835766455b2/netty-codec-http-4.1.15.Final.jar:/Users/epalumbo/.gradle/caches/modules-2/files-2.1/io.netty/netty-handler/4.1.15.Final/43cec9cfc1e80ea281bc1cb060958b1bb543d60c/netty-handler-4.1.15.Final.jar:/Users/epalumbo/.gradle/caches/modules-2/files-2.1/io.netty/netty-transport-native-epoll/4.1.15.Final/e1eaf097cbe24fd1583a64d8cdc1a4202beda83d/netty-transport-native-epoll-4.1.15.Final.jar:/Users/epalumbo/.gradle/caches/modules-2/files-2.1/net.minidev/accessors-smart/1.2/c592b500269bfde36096641b01238a8350f8aa31/accessors-smart-1.2.jar:/Users/epalumbo/.gradle/caches/modules-2/files-2.1/ch.qos.logback/logback-core/1.2.3/864344400c3d4d92dfeb0a305dc87d953677c03c/logback-core-1.2.3.jar:/Users/epalumbo/.gradle/caches/modules-2/files-2.1/io.netty/netty-codec-socks/4.1.15.Final/dfb9755e77dc669eb17fef2e4a3491ddd35ed287/netty-codec-socks-4.1.15.Final.jar:/Users/epalumbo/.gradle/caches/modules-2/files-2.1/io.netty/netty-codec/4.1.15.Final/15cef796196b4027911d5de8a3f0d333842896d1/netty-codec-4.1.15.Final.jar:/Users/epalumbo/.gradle/caches/modules-2/files-2.1/io.netty/netty-transport-native-unix-common/4.1.15.Final/cfcdbc196a6f3b5ba94e87c74321bf084e86a673/netty-transport-native-unix-common-4.1.15.Final.jar:/Users/epalumbo/.gradle/caches/modules-2/files-2.1/io.netty/netty-transport/4.1.15.Final/46e3f244f26422b3cfb5ffc5c2d9984b7725ed89/netty-transport-4.1.15.Final.jar:/Users/epalumbo/.gradle/caches/modules-2/files-2.1/io.netty/netty-buffer/4.1.15.Final/f7edf6488292b4de584ce16acc64f611d76fe4e7/netty-buffer-4.1.15.Final.jar:/Users/epalumbo/.gradle/caches/modules-2/files-2.1/io.netty/netty-resolver/4.1.15.Final/89565523e45aa99af2aa263900a75eb8836b3a47/netty-resolver-4.1.15.Final.jar:/Users/epalumbo/.gradle/caches/modules-2/files-2.1/io.netty/netty-common/4.1.15.Final/d6144d4a6e0395ad762d41409ed663cc7b227e83/netty-common-4.1.15.Final.jar:/Users/epalumbo/.gradle/caches/modules-2/files-2.1/org.ow2.asm/asm/5.0.4/da08b8cce7bbf903602a25a3a163ae252435795/asm-5.0.4.jar, user.name=epalumbo, java.vm.specification.version=1.8, sun.java.command=worker.org.gradle.process.internal.worker.GradleWorkerMain 'Gradle Test Executor 1', java.home=/Library/Java/JavaVirtualMachines/jdk1.8.0_111.jdk/Contents/Home/jre, sun.arch.data.model=64, user.language=en, java.specification.vendor=Oracle Corporation, awt.toolkit=sun.lwawt.macosx.LWCToolkit, java.vm.info=mixed mode, java.version=1.8.0_111, java.ext.dirs=/Users/epalumbo/Library/Java/Extensions:/Library/Java/JavaVirtualMachines/jdk1.8.0_111.jdk/Contents/Home/jre/lib/ext:/Library/Java/Extensions:/Network/Library/Java/Extensions:/System/Library/Java/Extensions:/usr/lib/java, sun.boot.class.path=/Library/Java/JavaVirtualMachines/jdk1.8.0_111.jdk/Contents/Home/jre/lib/resources.jar:/Library/Java/JavaVirtualMachines/jdk1.8.0_111.jdk/Contents/Home/jre/lib/rt.jar:/Library/Java/JavaVirtualMachines/jdk1.8.0_111.jdk/Contents/Home/jre/lib/sunrsasign.jar:/Library/Java/JavaVirtualMachines/jdk1.8.0_111.jdk/Contents/Home/jre/lib/jsse.jar:/Library/Java/JavaVirtualMachines/jdk1.8.0_111.jdk/Contents/Home/jre/lib/jce.jar:/Library/Java/JavaVirtualMachines/jdk1.8.0_111.jdk/Contents/Home/jre/lib/charsets.jar:/Library/Java/JavaVirtualMachines/jdk1.8.0_111.jdk/Contents/Home/jre/lib/jfr.jar:/Library/Java/JavaVirtualMachines/jdk1.8.0_111.jdk/Contents/Home/jre/classes, java.vendor=Oracle Corporation, org.gradle.test.worker=1, file.separator=/, java.vendor.url.bug=http://bugreport.sun.com/bugreport/, sun.io.unicode.encoding=UnicodeBig, sun.cpu.endian=little, socksNonProxyHosts=local|*.local|169.254/16|*.169.254/16, ftp.nonProxyHosts=local|*.local|169.254/16|*.169.254/16, sun.cpu.isalist=}}, SystemEnvironmentPropertySource@1812201605 {name='systemEnvironment', properties={PATH=/Users/epalumbo/.sdkman/candidates/vertx/current/bin:/Users/epalumbo/.sdkman/candidates/grails/current/bin:/Users/epalumbo/.nvm/v0.10.46/bin:/Users/epalumbo/tools/maven/bin:/usr/local/bin:/usr/bin:/bin:/usr/sbin:/sbin, SDKMAN_VERSION=5.5.9+231, MANPATH=/Users/epalumbo/.nvm/v0.10.46/share/man:/usr/local/share/man:/usr/share/man:/Library/Developer/CommandLineTools/usr/share/man, GRAILS_HOME=/Users/epalumbo/.sdkman/candidates/grails/current, VERTX_HOME=/Users/epalumbo/.sdkman/candidates/vertx/current, JAVA_HOME=/Library/Java/JavaVirtualMachines/jdk1.8.0_111.jdk/Contents/Home, TERM=xterm-256color, JAVA_MAIN_CLASS_33609=worker.org.gradle.process.internal.worker.GradleWorkerMain, SDKMAN_DIR=/Users/epalumbo/.sdkman, LOGNAME=epalumbo, NVM_NODEJS_ORG_MIRROR=https://nodejs.org/dist, XPC_SERVICE_NAME=0, PWD=/Users/epalumbo/workspaces/calipsoide/feature-valves, TERM_PROGRAM_VERSION=388.1, JAVA_MAIN_CLASS_32299=org.gradle.wrapper.GradleWrapperMain, SDKMAN_CANDIDATES_DIR=/Users/epalumbo/.sdkman/candidates, SDKMAN_LEGACY_API=https://api.sdkman.io/1, NVM_CD_FLAGS=, NVM_DIR=/Users/epalumbo/.nvm, SHELL=/bin/bash, TERM_PROGRAM=Apple_Terminal, NVM_PATH=/Users/epalumbo/.nvm/v0.10.46/lib/node, SECURITYSESSIONID=186a6, SDKMAN_PLATFORM=Darwin, OLDPWD=/Users/epalumbo/workspaces/calipsoide/feature-valves, USER=epalumbo, APP_ICON_32299=/Users/epalumbo/workspaces/calipsoide/feature-valves/media/gradle.icns, TMPDIR=/var/folders/zl/cbp6ks913vg4prjbp_lh_cv9ydjfrt/T/, SSH_AUTH_SOCK=/private/tmp/com.apple.launchd.6hBszMIbya/Listeners, APP_NAME_32299=Gradle, XPC_FLAGS=0x0, TERM_SESSION_ID=20635A7A-D47B-4FC3-A625-44D7B5E43959, NVM_IOJS_ORG_MIRROR=https://iojs.org/dist, __CF_USER_TEXT_ENCODING=0x7CD8BB1A:0x0:0x0, Apple_PubSub_Socket_Render=/private/tmp/com.apple.launchd.2hM6XanhwD/Render, LC_CTYPE=UTF-8, NVM_BIN=/Users/epalumbo/.nvm/v0.10.46/bin, SHLVL=2, HOME=/Users/epalumbo, SDKMAN_CURRENT_API=https://api.sdkman.io/2}}]
16:47:08.061 [Test worker] DEBUG org.springframework.test.context.support.TestPropertySourceUtils - Adding inlined properties to environment: {spring.jmx.enabled=false, org.springframework.boot.test.context.SpringBootTestContextBootstrapper=true, server.port=-1}
16:47:08.063 [Test worker] DEBUG org.springframework.core.env.StandardEnvironment - Adding PropertySource 'Inlined Test Properties' with highest search precedence

  .   ____          _            __ _ _
 /\\ / ___'_ __ _ _(_)_ __  __ _ \ \ \ \
( ( )\___ | '_ | '_| | '_ \/ _` | \ \ \ \
 \\/  ___)| |_)| | | | | || (_| |  ) ) ) )
  '  |____| .__|_| |_|_| |_\__, | / / / /
 =========|_|==============|___/=/_/_/_/
 :: Spring Boot ::             (v2.0.0.M4)

2017-09-16 16:47:08.488  INFO 33609 --- [    Test worker] com.example.demo.DemoApplicationTests    : Starting DemoApplicationTests on ARAR016997 with PID 33609 (started by epalumbo in /Users/epalumbo/workspaces/calipsoide/feature-valves)
2017-09-16 16:47:08.492  INFO 33609 --- [    Test worker] com.example.demo.DemoApplicationTests    : No active profile set, falling back to default profiles: default
2017-09-16 16:47:08.573  INFO 33609 --- [    Test worker] r.c.GenericReactiveWebApplicationContext : Refreshing org.springframework.boot.web.reactive.context.GenericReactiveWebApplicationContext@446e630f: startup date [Sat Sep 16 16:47:08 ART 2017]; root of context hierarchy
2017-09-16 16:47:10.113  WARN 33609 --- [    Test worker] o.h.v.m.ParameterMessageInterpolator     : HV000184: ParameterMessageInterpolator has been chosen, EL interpolation will not be supported
2017-09-16 16:47:10.712  WARN 33609 --- [    Test worker] o.h.v.m.ParameterMessageInterpolator     : HV000184: ParameterMessageInterpolator has been chosen, EL interpolation will not be supported
2017-09-16 16:47:11.114  INFO 33609 --- [    Test worker] o.s.w.r.handler.SimpleUrlHandlerMapping  : Mapped URL path [/webjars/**] onto handler of type [class org.springframework.web.reactive.resource.ResourceWebHandler]
2017-09-16 16:47:11.114  INFO 33609 --- [    Test worker] o.s.w.r.handler.SimpleUrlHandlerMapping  : Mapped URL path [/**] onto handler of type [class org.springframework.web.reactive.resource.ResourceWebHandler]
2017-09-16 16:47:11.189  INFO 33609 --- [    Test worker] o.s.w.r.r.m.a.ControllerMethodResolver   : Looking for @ControllerAdvice: org.springframework.boot.web.reactive.context.GenericReactiveWebApplicationContext@446e630f: startup date [Sat Sep 16 16:47:08 ART 2017]; root of context hierarchy
2017-09-16 16:47:11.736  INFO 33609 --- [    Test worker] com.example.demo.DemoApplicationTests    : Started DemoApplicationTests in 3.656 seconds (JVM running for 5.755)
]]></system-out>
  <system-err><![CDATA[]]></system-err>
</testsuite>
